<?xml version="1.0" encoding="UTF-8"?>
<testsuite xmlns:xsi="http://www.w3.org/2001/XMLSchema-instance" xsi:noNamespaceSchemaLocation="https://maven.apache.org/surefire/maven-surefire-plugin/xsd/surefire-test-report.xsd" version="3.0.2" name="com.springproject.ApiGatewayApplicationTests" time="61.183" tests="1" errors="0" skipped="0" failures="0">
  <properties>
[...]
</properties>
  <testcase name="contextLoads" classname="com.springproject.ApiGatewayApplicationTests" time="9.374">
    <system-out><![CDATA[16:26:43.347 [main] INFO org.springframework.test.context.support.AnnotationConfigContextLoaderUtils -- Could not detect default configuration classes for test class [com.springproject.ApiGatewayApplicationTests]: ApiGatewayApplicationTests does not declare any static, non-private, non-final, nested classes annotated with @Configuration.
16:26:45.158 [main] INFO org.springframework.boot.test.context.SpringBootTestContextBootstrapper -- Found @SpringBootConfiguration com.springproject.ApiGatewayApplication for test class com.springproject.ApiGatewayApplicationTests
16:26:49.973 [main] INFO org.springframework.boot.devtools.restart.RestartApplicationListener -- Restart disabled due to context in which it is running

  .   ____          _            __ _ _
 /\\ / ___'_ __ _ _(_)_ __  __ _ \ \ \ \
( ( )\___ | '_ | '_| | '_ \/ _` | \ \ \ \
 \\/  ___)| |_)| | | | | || (_| |  ) ) ) )
  '  |____| .__|_| |_|_| |_\__, | / / / /
 =========|_|==============|___/=/_/_/_/

 :: Spring Boot ::                (v3.5.3)

2025-08-06T16:26:52.976+07:00  INFO 14819 --- [api-gateway] [           main] c.s.ApiGatewayApplicationTests           : Starting ApiGatewayApplicationTests using Java 24 with PID 14819 (started by huan in /home/huan/IdeaProjects/Car_Rental_Backend/api-gateway)
2025-08-06T16:26:52.979+07:00  INFO 14819 --- [api-gateway] [           main] c.s.ApiGatewayApplicationTests           : No active profile set, falling back to 1 default profile: "default"
2025-08-06T16:27:04.417+07:00  INFO 14819 --- [api-gateway] [           main] o.s.cloud.context.scope.GenericScope     : BeanFactory id=8e88a4a4-f08c-31be-ac6f-b2e17ccdf4d2
2025-08-06T16:27:08.328+07:00  WARN 14819 --- [api-gateway] [           main] GatewayClassPathWarningAutoConfiguration : 

**********************************************************

The artifact spring-cloud-gateway-server is deprecated. It will be removed in the next major release. Please add spring-cloud-gateway-server-webflux dependency.

**********************************************************


2025-08-06T16:27:12.598+07:00  INFO 14819 --- [api-gateway] [           main] o.s.c.g.r.RouteDefinitionRouteLocator    : Loaded RoutePredicateFactory [After]
2025-08-06T16:27:12.598+07:00  INFO 14819 --- [api-gateway] [           main] o.s.c.g.r.RouteDefinitionRouteLocator    : Loaded RoutePredicateFactory [Before]
2025-08-06T16:27:12.598+07:00  INFO 14819 --- [api-gateway] [           main] o.s.c.g.r.RouteDefinitionRouteLocator    : Loaded RoutePredicateFactory [Between]
2025-08-06T16:27:12.598+07:00  INFO 14819 --- [api-gateway] [           main] o.s.c.g.r.RouteDefinitionRouteLocator    : Loaded RoutePredicateFactory [Cookie]
2025-08-06T16:27:12.598+07:00  INFO 14819 --- [api-gateway] [           main] o.s.c.g.r.RouteDefinitionRouteLocator    : Loaded RoutePredicateFactory [Header]
2025-08-06T16:27:12.598+07:00  INFO 14819 --- [api-gateway] [           main] o.s.c.g.r.RouteDefinitionRouteLocator    : Loaded RoutePredicateFactory [Host]
2025-08-06T16:27:12.599+07:00  INFO 14819 --- [api-gateway] [           main] o.s.c.g.r.RouteDefinitionRouteLocator    : Loaded RoutePredicateFactory [Method]
2025-08-06T16:27:12.599+07:00  INFO 14819 --- [api-gateway] [           main] o.s.c.g.r.RouteDefinitionRouteLocator    : Loaded RoutePredicateFactory [Path]
2025-08-06T16:27:12.599+07:00  INFO 14819 --- [api-gateway] [           main] o.s.c.g.r.RouteDefinitionRouteLocator    : Loaded RoutePredicateFactory [Query]
2025-08-06T16:27:12.599+07:00  INFO 14819 --- [api-gateway] [           main] o.s.c.g.r.RouteDefinitionRouteLocator    : Loaded RoutePredicateFactory [ReadBody]
2025-08-06T16:27:12.599+07:00  INFO 14819 --- [api-gateway] [           main] o.s.c.g.r.RouteDefinitionRouteLocator    : Loaded RoutePredicateFactory [RemoteAddr]
2025-08-06T16:27:12.599+07:00  INFO 14819 --- [api-gateway] [           main] o.s.c.g.r.RouteDefinitionRouteLocator    : Loaded RoutePredicateFactory [XForwardedRemoteAddr]
2025-08-06T16:27:12.600+07:00  INFO 14819 --- [api-gateway] [           main] o.s.c.g.r.RouteDefinitionRouteLocator    : Loaded RoutePredicateFactory [Weight]
2025-08-06T16:27:12.600+07:00  INFO 14819 --- [api-gateway] [           main] o.s.c.g.r.RouteDefinitionRouteLocator    : Loaded RoutePredicateFactory [CloudFoundryRouteService]
2025-08-06T16:27:14.621+07:00  INFO 14819 --- [api-gateway] [           main] o.s.b.a.e.web.EndpointLinksResolver      : Exposing 1 endpoint beneath base path '/actuator'
2025-08-06T16:27:18.128+07:00  INFO 14819 --- [api-gateway] [           main] DiscoveryClientOptionalArgsConfiguration : Eureka HTTP Client uses RestTemplate.
2025-08-06T16:27:18.409+07:00  WARN 14819 --- [api-gateway] [           main] s.w.s.StarterDeprecatedAutoConfiguration : 

**********************************************************

spring-cloud-starter-gateway is deprecated. It will be removed in the next major release. Please use spring-cloud-starter-gateway-server-webflux instead.

**********************************************************


2025-08-06T16:27:18.584+07:00  WARN 14819 --- [api-gateway] [           main] iguration$LoadBalancerCaffeineWarnLogger : Spring Cloud LoadBalancer is currently working with the default cache. While this cache implementation is useful for development and tests, it's recommended to use Caffeine cache in production.You can switch to using Caffeine cache, by adding it and org.springframework.cache.caffeine.CaffeineCacheManager to the classpath.
2025-08-06T16:27:19.411+07:00  INFO 14819 --- [api-gateway] [           main] o.s.c.n.eureka.InstanceInfoFactory       : Setting initial instance status as: STARTING
2025-08-06T16:27:19.770+07:00  INFO 14819 --- [api-gateway] [           main] com.netflix.discovery.DiscoveryClient    : Initializing Eureka in region us-east-1
2025-08-06T16:27:19.939+07:00  INFO 14819 --- [api-gateway] [           main] c.n.d.s.r.aws.ConfigClusterResolver      : Resolving eureka endpoints via configuration
2025-08-06T16:27:20.048+07:00  INFO 14819 --- [api-gateway] [           main] com.netflix.discovery.DiscoveryClient    : Disable delta property : false
2025-08-06T16:27:20.049+07:00  INFO 14819 --- [api-gateway] [           main] com.netflix.discovery.DiscoveryClient    : Single vip registry refresh property : null
2025-08-06T16:27:20.049+07:00  INFO 14819 --- [api-gateway] [           main] com.netflix.discovery.DiscoveryClient    : Force full registry fetch : false
2025-08-06T16:27:20.050+07:00  INFO 14819 --- [api-gateway] [           main] com.netflix.discovery.DiscoveryClient    : Application is null : false
2025-08-06T16:27:20.051+07:00  INFO 14819 --- [api-gateway] [           main] com.netflix.discovery.DiscoveryClient    : Registered Applications size is zero : true
2025-08-06T16:27:20.051+07:00  INFO 14819 --- [api-gateway] [           main] com.netflix.discovery.DiscoveryClient    : Application version is -1: true
2025-08-06T16:27:20.051+07:00  INFO 14819 --- [api-gateway] [           main] com.netflix.discovery.DiscoveryClient    : Getting all instance registry info from the eureka server
2025-08-06T16:27:30.989+07:00  INFO 14819 --- [api-gateway] [           main] com.netflix.discovery.DiscoveryClient    : The response status is 200
2025-08-06T16:27:31.326+07:00  INFO 14819 --- [api-gateway] [           main] com.netflix.discovery.DiscoveryClient    : Starting heartbeat executor: renew interval is: 30
2025-08-06T16:27:31.409+07:00  INFO 14819 --- [api-gateway] [           main] c.n.discovery.InstanceInfoReplicator     : InstanceInfoReplicator onDemand update allowed rate per min is 4
2025-08-06T16:27:31.525+07:00  INFO 14819 --- [api-gateway] [           main] com.netflix.discovery.DiscoveryClient    : Discovery Client initialized at timestamp 1754472451422 with initial instances count: 0
2025-08-06T16:27:31.595+07:00  INFO 14819 --- [api-gateway] [foReplicator-%d] com.netflix.discovery.DiscoveryClient    : Saw local status change event StatusChangeEvent [timestamp=1754472451595, current=UP, previous=STARTING]
2025-08-06T16:27:31.602+07:00  INFO 14819 --- [api-gateway] [foReplicator-%d] com.netflix.discovery.DiscoveryClient    : DiscoveryClient_API-GATEWAY/192.168.68.60:api-gateway:8080: registering service...
2025-08-06T16:27:31.606+07:00  INFO 14819 --- [api-gateway] [           main] o.s.c.n.e.s.EurekaServiceRegistry        : Registering application API-GATEWAY with eureka with status UP
2025-08-06T16:27:31.612+07:00  WARN 14819 --- [api-gateway] [           main] c.n.discovery.InstanceInfoReplicator     : Ignoring onDemand update due to rate limiter
2025-08-06T16:27:32.573+07:00 DEBUG 14819 --- [api-gateway] [           main] o.s.c.g.filter.GatewayMetricsFilter      : New routes count: 0
2025-08-06T16:27:32.609+07:00 DEBUG 14819 --- [api-gateway] [           main] o.s.c.g.filter.GatewayMetricsFilter      : New routes count: 0
2025-08-06T16:27:32.611+07:00  INFO 14819 --- [api-gateway] [           main] c.s.ApiGatewayApplicationTests           : Started ApiGatewayApplicationTests in 42.925 seconds (process running for 62.971)
2025-08-06T16:27:32.848+07:00  INFO 14819 --- [api-gateway] [foReplicator-%d] com.netflix.discovery.DiscoveryClient    : DiscoveryClient_API-GATEWAY/192.168.68.60:api-gateway:8080 - registration status: 204
]]></system-out>
    <system-err><![CDATA[Mockito is currently self-attaching to enable the inline-mock-maker. This will no longer work in future releases of the JDK. Please add Mockito as an agent to your build as described in Mockito's documentation: https://javadoc.io/doc/org.mockito/mockito-core/latest/org.mockito/org/mockito/Mockito.html#0.3
WARNING: A Java agent has been loaded dynamically (/home/huan/.m2/repository/net/bytebuddy/byte-buddy-agent/1.17.6/byte-buddy-agent-1.17.6.jar)
WARNING: If a serviceability tool is in use, please run with -XX:+EnableDynamicAgentLoading to hide this warning
WARNING: If a serviceability tool is not in use, please run with -Djdk.instrument.traceUsage for more information
WARNING: Dynamic loading of agents will be disallowed by default in a future release
]]></system-err>
  </testcase>
</testsuite>